2025-05-25 13:10:35,432 - __main__ - INFO - Ініціалізація тренування...
2025-05-25 13:10:35,436 - __main__ - INFO - Завантажено 100 твітів з classified_tweets.csv
2025-05-25 13:10:35,439 - __main__ - INFO - Знайдено категорії: політика, спорт, культура, технології, економіка
2025-05-25 13:10:35,440 - __main__ - INFO - Завантаження моделі roberta-base...
2025-05-25 13:10:39,690 - huggingface_hub.file_download - WARNING - Xet Storage is enabled for this repo, but the 'hf_xet' package is not installed. Falling back to regular HTTP download. For better performance, install the package with: `pip install huggingface_hub[hf_xet]` or `pip install hf_xet`
2025-05-25 13:11:23,215 - __main__ - ERROR - Помилка під час тренування: TrainingArguments.__init__() got an unexpected keyword argument 'evaluation_strategy'
2025-05-25 13:11:23,215 - __main__ - CRITICAL - Критична помилка: TrainingArguments.__init__() got an unexpected keyword argument 'evaluation_strategy'
2025-05-25 13:32:11,189 - __main__ - INFO - Ініціалізація тренування...
2025-05-25 13:32:11,201 - __main__ - INFO - Завантажено 100 твітів з classified_tweets.csv
2025-05-25 13:32:11,204 - __main__ - INFO - Знайдено категорії: політика, спорт, культура, технології, економіка
2025-05-25 13:32:11,205 - __main__ - INFO - Завантаження моделі roberta-base...
2025-05-25 13:32:12,248 - __main__ - ERROR - Помилка під час тренування: Using the `Trainer` with `PyTorch` requires `accelerate>=0.26.0`: Please run `pip install transformers[torch]` or `pip install 'accelerate>=0.26.0'`
2025-05-25 13:32:12,248 - __main__ - CRITICAL - Критична помилка: Using the `Trainer` with `PyTorch` requires `accelerate>=0.26.0`: Please run `pip install transformers[torch]` or `pip install 'accelerate>=0.26.0'`
2025-05-25 13:32:20,532 - __main__ - INFO - Ініціалізація тренування...
2025-05-25 13:32:20,536 - __main__ - INFO - Завантажено 100 твітів з classified_tweets.csv
2025-05-25 13:32:20,539 - __main__ - INFO - Знайдено категорії: політика, спорт, культура, технології, економіка
2025-05-25 13:32:20,540 - __main__ - INFO - Завантаження моделі roberta-base...
2025-05-25 13:32:21,525 - __main__ - ERROR - Помилка під час тренування: Using the `Trainer` with `PyTorch` requires `accelerate>=0.26.0`: Please run `pip install transformers[torch]` or `pip install 'accelerate>=0.26.0'`
2025-05-25 13:32:21,525 - __main__ - CRITICAL - Критична помилка: Using the `Trainer` with `PyTorch` requires `accelerate>=0.26.0`: Please run `pip install transformers[torch]` or `pip install 'accelerate>=0.26.0'`
2025-05-25 14:14:23,254 - __main__ - INFO - Ініціалізація тренування...
2025-05-25 14:14:23,265 - __main__ - INFO - Завантажено 100 твітів з classified_tweets.csv
2025-05-25 14:14:23,267 - __main__ - INFO - Знайдено категорії: політика, спорт, культура, технології, економіка
2025-05-25 14:14:23,269 - __main__ - INFO - Завантаження моделі roberta-base...
2025-05-25 14:14:25,948 - __main__ - ERROR - Помилка під час тренування: TrainingArguments.__init__() got an unexpected keyword argument 'evaluation_strategy'
2025-05-25 14:14:25,949 - __main__ - CRITICAL - Критична помилка: TrainingArguments.__init__() got an unexpected keyword argument 'evaluation_strategy'
